#
# There is insufficient memory for the Java Runtime Environment to continue.
# Native memory allocation (mmap) failed to map 266338304 bytes for G1 virtual space
# Possible reasons:
#   The system is out of physical RAM or swap space
#   The process is running with CompressedOops enabled, and the Java Heap may be blocking the growth of the native heap
# Possible solutions:
#   Reduce memory load on the system
#   Increase physical memory or swap space
#   Check if swap backing store is full
#   Decrease Java heap size (-Xmx/-Xms)
#   Decrease number of Java threads
#   Decrease Java thread stack sizes (-Xss)
#   Set larger code cache with -XX:ReservedCodeCacheSize=
#   JVM is running with Zero Based Compressed Oops mode in which the Java heap is
#     placed in the first 32GB address space. The Java Heap base address is the
#     maximum limit for the native heap growth. Please use -XX:HeapBaseMinAddress
#     to set the Java Heap base and to place the Java Heap above 32GB virtual address.
# This output file may be truncated or incomplete.
#
#  Out of Memory Error (os_windows.cpp:3760), pid=17416, tid=22248
#
# JRE version:  (17.0.5+1) (build )
# Java VM: OpenJDK 64-Bit Server VM (17.0.5+1-b653.14, mixed mode, sharing, tiered, compressed oops, compressed class ptrs, g1 gc, windows-amd64)
# No core dump will be written. Minidumps are not enabled by default on client versions of Windows
#

---------------  S U M M A R Y ------------

Command Line: git4idea.http.GitAskPassApp Username for 'https://github.com': 

Host: 11th Gen Intel(R) Core(TM) i7-11800H @ 2.30GHz, 16 cores, 15G,  Windows 11 , 64 bit Build 22000 (10.0.22000.1880)
Time: Sat May 20 16:16:36 2023  Windows 11 , 64 bit Build 22000 (10.0.22000.1880) elapsed time: 0.008416 seconds (0d 0h 0m 0s)

---------------  T H R E A D  ---------------

Current thread (0x0000022631bc8c40):  JavaThread "Unknown thread" [_thread_in_vm, id=22248, stack(0x0000004c05a00000,0x0000004c05b00000)]

Stack: [0x0000004c05a00000,0x0000004c05b00000]
Native frames: (J=compiled Java code, j=interpreted, Vv=VM code, C=native code)
V  [jvm.dll+0x6830ca]
V  [jvm.dll+0x83f4c4]
V  [jvm.dll+0x840c6e]
V  [jvm.dll+0x8412d3]
V  [jvm.dll+0x2490b5]
V  [jvm.dll+0x67ff99]
V  [jvm.dll+0x6744aa]
V  [jvm.dll+0x308f2b]
V  [jvm.dll+0x3103e6]
V  [jvm.dll+0x36013e]
V  [jvm.dll+0x36036f]
V  [jvm.dll+0x2df018]
V  [jvm.dll+0x2dff84]
V  [jvm.dll+0x810d91]
V  [jvm.dll+0x36df31]
V  [jvm.dll+0x7f028c]
V  [jvm.dll+0x3f0cbf]
V  [jvm.dll+0x3f2801]
C  [jli.dll+0x526b]
C  [ucrtbase.dll+0x26c0c]
C  [KERNEL32.DLL+0x155a0]
C  [ntdll.dll+0x485b]


---------------  P R O C E S S  ---------------

Threads class SMR info:
_java_thread_list=0x00007ffdd00f8f98, length=0, elements={
}

Java Threads: ( => current thread )

Other Threads:
  0x0000022631c37eb0 GCTaskThread "GC Thread#0" [stack: 0x0000004c05b00000,0x0000004c05c00000] [id=18124]
  0x0000022631c49bb0 ConcurrentGCThread "G1 Main Marker" [stack: 0x0000004c05c00000,0x0000004c05d00000] [id=22972]
  0x0000022631c4a5c0 ConcurrentGCThread "G1 Conc#0" [stack: 0x0000004c05d00000,0x0000004c05e00000] [id=26620]

[error occurred during error reporting (printing all threads), id 0xc0000005, EXCEPTION_ACCESS_VIOLATION (0xc0000005) at pc=0x00007ffdcf8afbd7]

VM state: not at safepoint (not fully initialized)

VM Mutex/Monitor currently owned by a thread:  ([mutex/lock_event])
[0x000002262f8f0680] Heap_lock - owner thread: 0x0000022631bc8c40

Heap address: 0x0000000703a00000, size: 4038 MB, Compressed Oops mode: Zero based, Oop shift amount: 3

CDS archive(s) mapped at: [0x0000000000000000-0x0000000000000000-0x0000000000000000), size 0, SharedBaseAddress: 0x0000000800000000, ArchiveRelocationMode: 0.
Narrow klass base: 0x0000000000000000, Narrow klass shift: 0, Narrow klass range: 0x0

GC Precious Log:
<Empty>

Heap:
 garbage-first heap   total 0K, used 0K [0x0000000703a00000, 0x0000000800000000)
  region size 2048K, 0 young (0K), 0 survivors (0K)

[error occurred during error reporting (printing heap information), id 0xc0000005, EXCEPTION_ACCESS_VIOLATION (0xc0000005) at pc=0x00007ffdcfc9cd59]

GC Heap History (0 events):
No events

Dll operation events (1 events):
Event: 0.005 Loaded shared library C:\Program Files\JetBrains\PyCharm 2022.3\jbr\bin\java.dll

Deoptimization events (0 events):
No events

Classes unloaded (0 events):
No events

Classes redefined (0 events):
No events

Internal exceptions (0 events):
No events

VM Operations (0 events):
No events

Events (0 events):
No events


Dynamic libraries:
0x00007ff61fc70000 - 0x00007ff61fc7a000 	C:\Program Files\JetBrains\PyCharm 2022.3\jbr\bin\java.exe
0x00007ffe78e60000 - 0x00007ffe79069000 	C:\WINDOWS\SYSTEM32\ntdll.dll
0x00007ffe78440000 - 0x00007ffe784fe000 	C:\WINDOWS\System32\KERNEL32.DLL
0x00007ffe767e0000 - 0x00007ffe76b64000 	C:\WINDOWS\System32\KERNELBASE.dll
0x00007ffe766c0000 - 0x00007ffe767d1000 	C:\WINDOWS\System32\ucrtbase.dll
0x00007ffe5d5a0000 - 0x00007ffe5d5b7000 	C:\Program Files\JetBrains\PyCharm 2022.3\jbr\bin\jli.dll
0x00007ffe4ec50000 - 0x00007ffe4ec6b000 	C:\Program Files\JetBrains\PyCharm 2022.3\jbr\bin\VCRUNTIME140.dll
0x00007ffe78980000 - 0x00007ffe78b2d000 	C:\WINDOWS\System32\USER32.dll
0x00007ffe76be0000 - 0x00007ffe76c06000 	C:\WINDOWS\System32\win32u.dll
0x00007ffe78320000 - 0x00007ffe7834a000 	C:\WINDOWS\System32\GDI32.dll
0x00007ffe64a00000 - 0x00007ffe64ca5000 	C:\WINDOWS\WinSxS\amd64_microsoft.windows.common-controls_6595b64144ccf1df_6.0.22000.120_none_9d947278b86cc467\COMCTL32.dll
0x00007ffe76430000 - 0x00007ffe7654f000 	C:\WINDOWS\System32\gdi32full.dll
0x00007ffe76310000 - 0x00007ffe763ad000 	C:\WINDOWS\System32\msvcp_win.dll
0x00007ffe77630000 - 0x00007ffe776d3000 	C:\WINDOWS\System32\msvcrt.dll
0x00007ffe78de0000 - 0x00007ffe78e11000 	C:\WINDOWS\System32\IMM32.DLL
0x00007ffe5d6d0000 - 0x00007ffe5d6dc000 	C:\Program Files\JetBrains\PyCharm 2022.3\jbr\bin\vcruntime140_1.dll
0x00007ffe050d0000 - 0x00007ffe0515d000 	C:\Program Files\JetBrains\PyCharm 2022.3\jbr\bin\msvcp140.dll
0x00007ffdcf5c0000 - 0x00007ffdd022b000 	C:\Program Files\JetBrains\PyCharm 2022.3\jbr\bin\server\jvm.dll
0x00007ffe77fa0000 - 0x00007ffe7804f000 	C:\WINDOWS\System32\ADVAPI32.dll
0x00007ffe78500000 - 0x00007ffe7859e000 	C:\WINDOWS\System32\sechost.dll
0x00007ffe78c10000 - 0x00007ffe78d31000 	C:\WINDOWS\System32\RPCRT4.dll
0x00007ffe70d00000 - 0x00007ffe70d09000 	C:\WINDOWS\SYSTEM32\WSOCK32.dll
0x00007ffe71d70000 - 0x00007ffe71da3000 	C:\WINDOWS\SYSTEM32\WINMM.dll
0x00007ffe72200000 - 0x00007ffe7220a000 	C:\WINDOWS\SYSTEM32\VERSION.dll
0x00007ffe78b30000 - 0x00007ffe78b9f000 	C:\WINDOWS\System32\WS2_32.dll
0x00007ffe75480000 - 0x00007ffe75498000 	C:\WINDOWS\SYSTEM32\kernel.appcore.dll
0x00007ffe705b0000 - 0x00007ffe705ba000 	C:\Program Files\JetBrains\PyCharm 2022.3\jbr\bin\jimage.dll
0x00007ffe73800000 - 0x00007ffe73a21000 	C:\WINDOWS\SYSTEM32\DBGHELP.DLL
0x00007ffe6eb20000 - 0x00007ffe6eb51000 	C:\WINDOWS\SYSTEM32\dbgcore.DLL
0x00007ffe763b0000 - 0x00007ffe7642f000 	C:\WINDOWS\System32\bcryptPrimitives.dll
0x00007ffe5d5c0000 - 0x00007ffe5d5e5000 	C:\Program Files\JetBrains\PyCharm 2022.3\jbr\bin\java.dll

dbghelp: loaded successfully - version: 4.0.5 - missing functions: none
symbol engine: initialized successfully - sym options: 0x614 - pdb path: .;C:\Program Files\JetBrains\PyCharm 2022.3\jbr\bin;C:\WINDOWS\SYSTEM32;C:\WINDOWS\WinSxS\amd64_microsoft.windows.common-controls_6595b64144ccf1df_6.0.22000.120_none_9d947278b86cc467;C:\Program Files\JetBrains\PyCharm 2022.3\jbr\bin\server

VM Arguments:
java_command: git4idea.http.GitAskPassApp Username for 'https://github.com': 
java_class_path (initial): C:/Program Files/JetBrains/PyCharm 2022.3/plugins/vcs-git/lib/git4idea-rt.jar;C:/Program Files/JetBrains/PyCharm 2022.3/lib/externalProcess-rt.jar;C:/Program Files/JetBrains/PyCharm 2022.3/lib/app.jar;C:/Program Files/JetBrains/PyCharm 2022.3/lib/3rd-party-rt.jar
Launcher Type: SUN_STANDARD

[Global flags]
     intx CICompilerCount                          = 12                                        {product} {ergonomic}
     uint ConcGCThreads                            = 3                                         {product} {ergonomic}
     uint G1ConcRefinementThreads                  = 13                                        {product} {ergonomic}
   size_t G1HeapRegionSize                         = 2097152                                   {product} {ergonomic}
    uintx GCDrainStackTargetSize                   = 64                                        {product} {ergonomic}
   size_t InitialHeapSize                          = 266338304                                 {product} {ergonomic}
   size_t MarkStackSize                            = 4194304                                   {product} {ergonomic}
   size_t MaxHeapSize                              = 4234149888                                {product} {ergonomic}
   size_t MinHeapDeltaBytes                        = 2097152                                   {product} {ergonomic}
   size_t MinHeapSize                              = 8388608                                   {product} {ergonomic}
    uintx NonNMethodCodeHeapSize                   = 7602480                                {pd product} {ergonomic}
    uintx NonProfiledCodeHeapSize                  = 122027880                              {pd product} {ergonomic}
    uintx ProfiledCodeHeapSize                     = 122027880                              {pd product} {ergonomic}
    uintx ReservedCodeCacheSize                    = 251658240                              {pd product} {ergonomic}
     bool SegmentedCodeCache                       = true                                      {product} {ergonomic}
   size_t SoftMaxHeapSize                          = 4234149888                             {manageable} {ergonomic}
     bool UseCompressedClassPointers               = true                           {product lp64_product} {ergonomic}
     bool UseCompressedOops                        = true                           {product lp64_product} {ergonomic}
     bool UseG1GC                                  = true                                      {product} {ergonomic}
     bool UseLargePagesIndividualAllocation        = false                                  {pd product} {ergonomic}

Logging:
Log output configuration:
 #0: stdout all=warning uptime,level,tags
 #1: stderr all=off uptime,level,tags

Environment Variables:
PATH=C:\Program Files\Git\mingw64\libexec\git-core;C:\Program Files\Git\mingw64\libexec\git-core;C:\Program Files\Git\mingw64\bin;C:\Program Files\Git\usr\bin;C:\Users\32366\bin;C:\Users\32366\venv\Scripts;C:\VMware\bin;C:\Program Files\Java\jdk-17.0.2\bin;C:\Program Files\Common Files\Oracle\Java\javapath;C:\Program Files (x86)\Common Files\Oracle\Java\javapath;C:\Windows\system32;C:\Windows;C:\Windows\System32\Wbem;C:\Windows\System32\WindowsPowerShell\v1.0;C:\Windows\System32\OpenSSH;C:\Program Files\Bandizip;C:\Program Files\dotnet;C:\Program Files (x86)\Yozosoft\Yozo_Office\Lib\xuggler\bin;C:\Program Files\Process Lasso;C:\Program Files (x86)\dotnet;C:\WINDOWS\system32;C:\WINDOWS;C:\WINDOWS\System32\Wbem;C:\WINDOWS\System32\WindowsPowerShell\v1.0;C:\WINDOWS\System32\OpenSSH;C:\Program Files (x86)\NVIDIA Corporation\PhysX\Common;C:\Program Files\PuTTY;C:\MinGW\bin;C:\Users\32366\Desktop\Gcc\mingw64\bin;C:\Program Files\MATLAB\R2021b\bin;C:\Program Files\GitHub CLI;C:\Program Files\Git\cmd;C:\Users\32366\AppData\Local\Programs\Python\Python311\Scripts;C:\Users\32366\AppData\Local\Programs\Python\Python311;C:\Program Files\Java\jdk-17.0.2\bin;C:\Users\32366\AppData\Local\Microsoft\WindowsApps;C:\Users\32366\AppData\Local\Programs\Microsoft VS Code\bin;C:\Users\32366\AppData\Local\Microsoft\WindowsApps;C:\Program Files\JetBrains\PyCharm Community Edition 2022.1.2\bin;C:\Program Files\JetBrains\PyCharm 2022.3\bin;C:\Program Files\JetBrains\DataGrip 2022.3\bin;C:\rtools43;C:\rtools43\usr\bin;C:\rtools43\mingw64\bin;C:\Users\32366\AppData\Local\GitHubDesktop\bin
USERNAME=32366
DISPLAY=:0.0
LC_ALL=en_US.UTF-8
TERM=xterm-256color
TMPDIR=C:\Users\32366\AppData\Local\Temp
OS=Windows_NT
PROCESSOR_IDENTIFIER=Intel64 Family 6 Model 141 Stepping 1, GenuineIntel
TMP=C:\Users\32366\AppData\Local\Temp
TEMP=C:\Users\32366\AppData\Local\Temp



---------------  S Y S T E M  ---------------

OS:
 Windows 11 , 64 bit Build 22000 (10.0.22000.1880)
OS uptime: 0 days 23:15 hours

CPU: total 16 (initial active 16) (8 cores per cpu, 2 threads per core) family 6 model 141 stepping 1 microcode 0x32, cx8, cmov, fxsr, ht, mmx, 3dnowpref, sse, sse2, sse3, ssse3, sse4.1, sse4.2, popcnt, lzcnt, tsc, tscinvbit, avx, avx2, aes, erms, clmul, bmi1, bmi2, adx, avx512f, avx512dq, avx512cd, avx512bw, avx512vl, sha, fma, vzeroupper, avx512_vpopcntdq, avx512_vpclmulqdq, avx512_vaes, avx512_vnni, clflush, clflushopt, clwb, avx512_vbmi2, avx512_vbmi

Memory: 4k page, system-wide physical 16151M (1804M free)
TotalPageFile size 22174M (AvailPageFile size 216M)
current process WorkingSet (physical memory assigned to process): 10M, peak: 10M
current process commit charge ("private bytes"): 70M, peak: 324M

vm_info: OpenJDK 64-Bit Server VM (17.0.5+1-b653.14) for windows-amd64 JRE (17.0.5+1-b653.14), built on 2022-11-10 by "builduser" with MS VC++ 16.10 / 16.11 (VS2019)

END.
